[debug] [2026-03-16T16:10:53.167Z] ----------------------------------------------------------------------
[debug] [2026-03-16T16:10:53.177Z] Command:       C:\Program Files\nodejs\node.exe C:\Users\flayb\AppData\Roaming\npm\node_modules\firebase-tools\lib\bin\firebase.js init
[debug] [2026-03-16T16:10:53.178Z] CLI Version:   15.10.0
[debug] [2026-03-16T16:10:53.178Z] Platform:      win32
[debug] [2026-03-16T16:10:53.178Z] Node Version:  v25.6.1
[debug] [2026-03-16T16:10:53.178Z] Time:          Mon Mar 16 2026 21:40:53 GMT+0530 (India Standard Time)
[debug] [2026-03-16T16:10:53.178Z] ----------------------------------------------------------------------
[debug] 
[info] 
     ######## #### ########  ######## ########     ###     ######  ########
     ##        ##  ##     ## ##       ##     ##  ##   ##  ##       ##
     ######    ##  ########  ######   ########  #########  ######  ######
     ##        ##  ##    ##  ##       ##     ## ##     ##       ## ##
     ##       #### ##     ## ######## ########  ##     ##  ######  ########

You're about to initialize a Firebase project in this directory:

  C:\Users\flayb\AndroidStudioProjects\Gokudiyugam

Before we get started, keep in mind:

  * You are initializing within an existing Firebase project directory

[info] 
=== Project Setup
[info] 
[info] First, let's associate this project directory with a Firebase project.
[info] You can create multiple project aliases by running firebase use --add, 
[info] 
[debug] [2026-03-16T16:11:06.240Z] > command requires scopes: ["email","openid","https://www.googleapis.com/auth/cloudplatformprojects.readonly","https://www.googleapis.com/auth/firebase","https://www.googleapis.com/auth/cloud-platform"]
[debug] [2026-03-16T16:11:06.240Z] > authorizing via signed-in user (bssbadalpur@gmail.com)
[debug] [2026-03-16T16:11:06.242Z] Checked if tokens are valid: true, expires at: 1773680046807
[debug] [2026-03-16T16:11:06.242Z] Checked if tokens are valid: true, expires at: 1773680046807
[debug] [2026-03-16T16:11:06.244Z] >>> [apiv2][query] GET https://firebase.googleapis.com/v1beta1/projects/gokudiyugam [none]
[debug] [2026-03-16T16:11:11.121Z] <<< [apiv2][status] GET https://firebase.googleapis.com/v1beta1/projects/gokudiyugam 200
[debug] [2026-03-16T16:11:11.121Z] <<< [apiv2][body] GET https://firebase.googleapis.com/v1beta1/projects/gokudiyugam {"projectId":"gokudiyugam","projectNumber":"728177722635","displayName":"Gokudiyugam","name":"projects/gokudiyugam","resources":{"hostingSite":"gokudiyugam","realtimeDatabaseInstance":"gokudiyugam-default-rtdb"},"state":"ACTIVE","etag":"1_e5acdb6d-8779-4553-930c-900309e32650"}
[info] i  Using project gokudiyugam (Gokudiyugam) . 
[info] 
=== Firestore Setup
[info] i  firestore: ensuring required API firestore.googleapis.com is enabled... 
[debug] [2026-03-16T16:11:11.132Z] Checked if tokens are valid: true, expires at: 1773680046807
[debug] [2026-03-16T16:11:11.132Z] Checked if tokens are valid: true, expires at: 1773680046807
[debug] [2026-03-16T16:11:11.133Z] >>> [apiv2][query] GET https://firestore.googleapis.com/v1/projects/gokudiyugam/databases [none]
